<?xml version="1.0" encoding="UTF-8"?>
<!-- Generated by org.testng.reporters.JUnitReportReporter -->
<testsuite hostname="DESKTOP-F3EKOFF" failures="0" tests="8" name="testCases.CheckOutPage2_Test" time="129.184" errors="0" timestamp="2023-12-10T19:34:23 IST" skipped="0">
  <testcase classname="testCases.CheckOutPage2_Test" name="verifyCartQuantityTextTest" time="28.658"/>
  <system-out>
    <![CDATA[CheckOut Page2 QTY text  is QTY]]>
  </system-out>
  <testcase classname="testCases.CheckOutPage2_Test" name="verifyShippingInformationTextTest" time="15.123"/>
  <system-out>
    <![CDATA[CheckOut Page2 Shipping Information text  is Shipping Information]]>
  </system-out>
  <testcase classname="testCases.CheckOutPage2_Test" name="verifyFinishBtnTest" time="14.424"/>
  <system-out>
    <![CDATA[CheckOut Page2 After Clicking Finish BTN URL   is= https://www.saucedemo.com/checkout-complete.html]]>
  </system-out>
  <testcase classname="testCases.CheckOutPage2_Test" name="verifyCancelBtnTest" time="15.649"/>
  <system-out>
    <![CDATA[CheckOut Page2 After Clicking Cancel BTN URL   is= https://www.saucedemo.com/inventory.html]]>
  </system-out>
  <testcase classname="testCases.CheckOutPage2_Test" name="verifyPriceTotalTextTest" time="13.942"/>
  <system-out>
    <![CDATA[CheckOut Page2 Price Total text  is Price Total]]>
  </system-out>
  <testcase classname="testCases.CheckOutPage2_Test" name="verifyCartDescTextTest" time="15.253"/>
  <system-out>
    <![CDATA[CheckOut Page2 Description text  is Description]]>
  </system-out>
  <testcase classname="testCases.CheckOutPage2_Test" name="verifyPaymentInformationTextTest" time="13.944"/>
  <system-out>
    <![CDATA[CheckOut Page2 Payment Information text  is Payment Information]]>
  </system-out>
  <testcase classname="testCases.CheckOutPage2_Test" name="verifyCheckOutPage2LableTest" time="12.191"/>
  <system-out>
    <![CDATA[CheckOut Page2 Lable is Checkout: Overview]]>
  </system-out>
</testsuite> <!-- testCases.CheckOutPage2_Test -->
