<?xml version="1.0" encoding="UTF-8"?>
<!-- Generated by org.testng.reporters.JUnitReportReporter -->
<testsuite hostname="DESKTOP-F3EKOFF" failures="0" tests="5" name="testCases.Complete_Page_Test" time="51.059" errors="0" timestamp="2023-12-10T19:34:23 IST" skipped="0">
  <testcase classname="testCases.Complete_Page_Test" name="verifyThankYouTextTest" time="11.486"/>
  <system-out>
    <![CDATA[Complete Page Thank You  text  is Thank you for your order!]]>
  </system-out>
  <testcase classname="testCases.Complete_Page_Test" name="verifyimgTest" time="7.776"/>
  <system-out>
    <![CDATA[Visibility On Complete Page img is = true]]>
  </system-out>
  <testcase classname="testCases.Complete_Page_Test" name="verifyBackHomeBtnTest" time="7.766"/>
  <system-out>
    <![CDATA[After Clicking Finish Btn URL is = https://www.saucedemo.com/inventory.html]]>
  </system-out>
  <testcase classname="testCases.Complete_Page_Test" name="verifyCompleteTextTest" time="14.546"/>
  <system-out>
    <![CDATA[Complete Page Complete  text  is Your order has been dispatched, and will arrive just as fast as the pony can get there!]]>
  </system-out>
  <testcase classname="testCases.Complete_Page_Test" name="verifyCompleteLableTest" time="9.485"/>
  <system-out>
    <![CDATA[Complete Page  text  is Checkout: Complete!]]>
  </system-out>
</testsuite> <!-- testCases.Complete_Page_Test -->
