<?xml version="1.0" encoding="UTF-8"?>
<!-- Generated by org.testng.reporters.JUnitReportReporter -->
<testsuite hostname="DESKTOP-F3EKOFF" failures="0" tests="3" name="testCases.CheckOutPage1_Test" time="66.671" errors="0" timestamp="2023-12-10T19:34:23 IST" skipped="0">
  <testcase classname="testCases.CheckOutPage1_Test" name="verifyURLOfCheckOutPageTest" time="24.253"/>
  <system-out>
    <![CDATA[The URL of CheckOutPage is =https://www.saucedemo.com/checkout-step-one.html]]>
  </system-out>
  <testcase classname="testCases.CheckOutPage1_Test" name="verifyTitleOfApplicatioTest" time="29.090"/>
  <system-out>
    <![CDATA[Title Of CheckOutPage1 is =Checkout: Your Information]]>
  </system-out>
  <testcase classname="testCases.CheckOutPage1_Test" name="InputInformationTest" time="13.328"/>
  <system-out>
    <![CDATA[Title of Check out Page 2 is =https://www.saucedemo.com/checkout-step-two.html]]>
  </system-out>
</testsuite> <!-- testCases.CheckOutPage1_Test -->
