<?xml version="1.0" encoding="UTF-8"?>
<!-- Generated by org.testng.reporters.JUnitReportReporter -->
<testsuite hostname="DESKTOP-3VJBEOJ" failures="0" tests="7" name="testCases.Cart_Page_Test" time="24.794" errors="0" timestamp="2023-12-19T14:58:23 IST" skipped="0">
  <testcase classname="testCases.Cart_Page_Test" name="verifyContinueShoppingBtnTest" time="7.539"/>
  <system-out>
    <![CDATA[After Clicking ShoppingBTN= = https://www.saucedemo.com/inventory.html]]>
  </system-out>
  <testcase classname="testCases.Cart_Page_Test" name="verifyyourCartTextTest" time="2.873"/>
  <system-out>
    <![CDATA[cart page text is = Your Cart]]>
  </system-out>
  <testcase classname="testCases.Cart_Page_Test" name="verifySwagLabsTextTest" time="2.880"/>
  <system-out>
    <![CDATA[cart page text is = Swag Labs]]>
  </system-out>
  <testcase classname="testCases.Cart_Page_Test" name="verifyCheckoutBtnTest" time="2.871"/>
  <system-out>
    <![CDATA[After Clicking ShoppingBTN= = https://www.saucedemo.com/checkout-step-one.html]]>
  </system-out>
  <testcase classname="testCases.Cart_Page_Test" name="verifyURLOFApplicationTest" time="2.895"/>
  <system-out>
    <![CDATA[URL of the Cart page is = https://www.saucedemo.com/cart.html]]>
  </system-out>
  <testcase classname="testCases.Cart_Page_Test" name="verifyDescriptionTextTest" time="2.918"/>
  <system-out>
    <![CDATA[cart page text is = Description]]>
  </system-out>
  <testcase classname="testCases.Cart_Page_Test" name="verifyQTYTextTest" time="2.818"/>
  <system-out>
    <![CDATA[cart page text is = QTY]]>
  </system-out>
</testsuite> <!-- testCases.Cart_Page_Test -->
